ERROR 2024-02-28 17:55:56,775 views 13440 16832 Error in Creating the Student
ERROR 2024-02-28 17:57:50,765 views 20556 16220 Error in Creating the Student
ERROR 2024-02-28 17:58:08,855 views 20556 16220 Error in Creating the Student
ERROR 2024-02-28 17:58:48,433 views 20404 9060 Error in Creating the Student
ERROR 2024-02-28 17:59:27,529 views 18828 13764 Error in Creating the Student
INFO 2024-02-28 18:05:16,766 views 17036 21112 Users Fetched Successfully
INFO 2024-02-29 10:25:46,370 views 1896 3500 Users Fetched Successfully
ERROR 2024-02-29 12:05:38,132 views 8200 2132 Error in Creating the Student
ERROR 2024-02-29 12:06:22,369 views 8200 2132 Error in Creating the Student
ERROR 2024-02-29 12:06:36,298 views 8200 2132 Error in Creating the Student
ERROR 2024-02-29 12:10:30,714 views 8200 2132 Error in Creating the Student
ERROR 2024-02-29 12:13:23,400 views 17316 16872 Error in Creating the User
ERROR 2024-02-29 12:17:30,490 views 17392 10624 Error in Creating the User
ERROR 2024-02-29 12:17:53,772 views 16352 3520 Error in Creating the User
ERROR 2024-02-29 12:18:28,431 views 17548 18692 Error in Creating the User
ERROR 2024-02-29 12:23:27,494 views 8468 3152 Error in Creating the User
ERROR 2024-02-29 12:24:20,507 views 15988 5528 Error in Creating the User
ERROR 2024-02-29 12:24:59,365 views 15988 5528 Error in Creating the User
ERROR 2024-02-29 12:25:20,851 views 10044 8824 Error in Creating the User
ERROR 2024-02-29 12:25:41,096 views 20952 18532 Error in Creating the User
ERROR 2024-02-29 12:44:08,959 views 12136 17968 Error in Creating the User
ERROR 2024-02-29 12:44:32,712 views 3112 19372 Error in Creating the User
INFO 2024-02-29 12:57:44,217 views 15172 10392 Users Fetched Successfully
ERROR 2024-02-29 14:08:40,296 views 16592 15628 Error in Creating the User
ERROR 2024-02-29 14:09:18,102 views 16096 20464 Error in Creating the User
ERROR 2024-02-29 14:09:38,628 views 16096 20464 Error in Creating the User
ERROR 2024-02-29 14:09:53,034 views 16096 20464 Error in Creating the User
ERROR 2024-02-29 14:10:14,533 views 16096 20464 Error in Creating the User
INFO 2024-02-29 14:18:36,555 views 10872 17652 Users Fetched Successfully
ERROR 2024-02-29 14:38:38,288 views 18920 18536 Error Creating Task
ERROR 2024-02-29 14:41:01,572 views 11600 3284 Error Creating Task
ERROR 2024-02-29 14:41:50,283 views 15988 9808 Error Creating Task
ERROR 2024-02-29 14:46:05,663 views 18400 12384 Error Creating Task
ERROR 2024-02-29 14:50:25,700 views 16036 4284 Error Creating Task
ERROR 2024-02-29 14:52:21,399 views 16036 4284 Error Creating Task
ERROR 2024-02-29 14:54:38,091 views 5804 15264 Error Creating Task
INFO 2024-02-29 14:54:59,624 views 5804 15264 Task Created SuccesFully
INFO 2024-02-29 14:58:52,684 views 17560 19124 Tasks Fetch SuccesFully
INFO 2024-02-29 15:03:52,798 views 17560 19124 Tasks Fetch SuccesFully
INFO 2024-02-29 15:06:11,195 views 17560 19124 Users Fetched Successfully
INFO 2024-02-29 15:08:57,138 views 6396 21432 Users Fetched Successfully
INFO 2024-02-29 15:09:20,625 views 6396 21432 Users Fetched Successfully
INFO 2024-02-29 15:09:38,587 views 6396 21432 Users Fetched Successfully
ERROR 2024-02-29 15:10:56,719 views 6396 21432 It Has Some Errors
INFO 2024-02-29 15:12:12,046 views 6396 21432 Data Updated Succesfully
INFO 2024-02-29 15:14:19,194 views 6396 21432 Data Updated Succesfully
INFO 2024-02-29 15:14:24,966 views 6396 21432 Data Updated Succesfully
INFO 2024-02-29 15:16:08,281 views 11216 15396 Data Updated Succesfully
INFO 2024-02-29 15:24:31,344 views 16344 19008 Users Fetched Successfully
INFO 2024-02-29 15:29:16,392 views 9180 15396 Data Updated Succesfully
